Using pre-set license
Built from '2020.3/staging' branch; Version is '2020.3.9f1 (108be757e447) revision 1084391'; Using compiler version '192528614'; Build Type 'Release'
OS: 'Windows 10 Home Single Language; OS build 19043.1052; Version 2009; 64bit' Language: 'en' Physical Memory: 8078 MB
BatchMode: 1, IsHumanControllingUs: 0, StartBugReporterOnCrash: 0, Is64bit: 1, IsPro: 0

 COMMAND LINE ARGUMENTS:
C:\Program Files\Unity\Hub\Editor\2020.3.9f1\Editor\Unity.exe
-adb2
-batchMode
-noUpm
-name
AssetImportWorker0
-projectPath
F:/Git Repositorys/Turn-Based-Strategy-Game/Turn Based Strat
-logFile
Logs/AssetImportWorker0.log
-srvPort
65464
Successfully changed project path to: F:/Git Repositorys/Turn-Based-Strategy-Game/Turn Based Strat
F:/Git Repositorys/Turn-Based-Strategy-Game/Turn Based Strat
Using Asset Import Pipeline V2.
Refreshing native plugins compatible for Editor in 173.74 ms, found 0 plugins.
Preloading 0 native plugins for Editor in 0.00 ms.
Initialize engine version: 2020.3.9f1 (108be757e447)
[Subsystems] Discovering subsystems at path C:/Program Files/Unity/Hub/Editor/2020.3.9f1/Editor/Data/Resources/UnitySubsystems
[Subsystems] Discovering subsystems at path F:/Git Repositorys/Turn-Based-Strategy-Game/Turn Based Strat/Assets
GfxDevice: creating device client; threaded=0
Direct3D:
    Version:  Direct3D 11.0 [level 11.1]
    Renderer: Intel(R) UHD Graphics 620 (ID=0x3ea0)
    Vendor:   
    VRAM:     4039 MB
    Driver:   27.20.100.9466
Initialize mono
Mono path[0] = 'C:/Program Files/Unity/Hub/Editor/2020.3.9f1/Editor/Data/Managed'
Mono path[1] = 'C:/Program Files/Unity/Hub/Editor/2020.3.9f1/Editor/Data/MonoBleedingEdge/lib/mono/unityjit'
Mono config path = 'C:/Program Files/Unity/Hub/Editor/2020.3.9f1/Editor/Data/MonoBleedingEdge/etc'
Using monoOptions --debugger-agent=transport=dt_socket,embedding=1,server=y,suspend=n,address=127.0.0.1:56080
Begin MonoManager ReloadAssembly
Registering precompiled unity dll's ...
Register platform support module: C:/Program Files/Unity/Hub/Editor/2020.3.9f1/Editor/Data/PlaybackEngines/WindowsStandaloneSupport/UnityEditor.WindowsStandalone.Extensions.dll
Registered in 0.006899 seconds.
Native extension for WindowsStandalone target not found
Refreshing native plugins compatible for Editor in 194.30 ms, found 0 plugins.
Preloading 0 native plugins for Editor in 0.00 ms.
Mono: successfully reloaded assembly
- Completed reload, in  6.596 seconds
Platform modules already initialized, skipping
Registering precompiled user dll's ...
Registered in 0.003593 seconds.
Begin MonoManager ReloadAssembly
Native extension for WindowsStandalone target not found
Refreshing native plugins compatible for Editor in 185.66 ms, found 0 plugins.
Preloading 0 native plugins for Editor in 0.00 ms.
Mono: successfully reloaded assembly
- Completed reload, in  3.856 seconds
Platform modules already initialized, skipping
========================================================================
Worker process is ready to serve import requests
Shader 'Universal Render Pipeline/Particles/Lit': fallback shader 'Universal Render Pipeline/Particles/SimpleLit' not found
Shader 'Universal Render Pipeline/Particles/Lit': fallback shader 'Universal Render Pipeline/Particles/SimpleLit' not found
Launched and connected shader compiler UnityShaderCompiler.exe after 0.12 seconds
Refreshing native plugins compatible for Editor in 2.03 ms, found 0 plugins.
Preloading 0 native plugins for Editor in 0.00 ms.
Unloading 3122 Unused Serialized files (Serialized files now loaded: 0)
System memory in use before: 146.0 MB.
System memory in use after: 143.4 MB.

Unloading 155 unused Assets to reduce memory usage. Loaded Objects now: 3534.
Total: 21.297000 ms (FindLiveObjects: 7.231100 ms CreateObjectMapping: 0.553900 ms MarkObjects: 10.095700 ms  DeleteObjects: 3.413000 ms)

========================================================================
Received Import Request.
  path: Assets/_Gamer Wolf Project File/Models/Characters/Zomnbie Soilder.fbx
  artifactKey: Guid(7027a3df318668f4a9995bfdb59dfab1) Importer(815301076,1909f56bfc062723c751e8b465ee728b)
Start importing Assets/_Gamer Wolf Project File/Models/Characters/Zomnbie Soilder.fbx using Guid(7027a3df318668f4a9995bfdb59dfab1) Importer(815301076,1909f56bfc062723c751e8b465ee728b)  -> (artifact id: 'd639b05c11217d73724004cded6d8297') in 2.103486 seconds
  Import took 2.155346 seconds .

========================================================================
Received Import Request.
  Time since last request: 2.113819 seconds.
  path: Assets/_Gamer Wolf Project File/Models/Characters/Zomnbie Soilder.fbx
  artifactKey: Guid(7027a3df318668f4a9995bfdb59dfab1) Importer(815301076,1909f56bfc062723c751e8b465ee728b)
Start importing Assets/_Gamer Wolf Project File/Models/Characters/Zomnbie Soilder.fbx using Guid(7027a3df318668f4a9995bfdb59dfab1) Importer(815301076,1909f56bfc062723c751e8b465ee728b)  -> (artifact id: 'aca87410035dd5cf25933f4d5eedf8c7') in 0.096810 seconds
  Import took 0.152159 seconds .

========================================================================
Received Import Request.
  Time since last request: 173.674594 seconds.
  path: Assets/_Gamer Wolf Project File/My Prefabs/Enemy Prefabs/Zombie Enemies/pf_Zombie Stationery.prefab
  artifactKey: Guid(04e3176d0cd2bb84ea86917317c59e1b) Importer(815301076,1909f56bfc062723c751e8b465ee728b)
Start importing Assets/_Gamer Wolf Project File/My Prefabs/Enemy Prefabs/Zombie Enemies/pf_Zombie Stationery.prefab using Guid(04e3176d0cd2bb84ea86917317c59e1b) Importer(815301076,1909f56bfc062723c751e8b465ee728b)  -> (artifact id: 'a905a747870b657731b602ad6c574b9b') in 0.093323 seconds
  Import took 0.109882 seconds .

========================================================================
Received Import Request.
  Time since last request: 0.014413 seconds.
  path: Assets/_Gamer Wolf Project File/My Prefabs/Enemy Prefabs/Zombie Enemies/pf_Zombie Stationery.prefab
  artifactKey: Guid(04e3176d0cd2bb84ea86917317c59e1b) Importer(815301076,1909f56bfc062723c751e8b465ee728b)
Start importing Assets/_Gamer Wolf Project File/My Prefabs/Enemy Prefabs/Zombie Enemies/pf_Zombie Stationery.prefab using Guid(04e3176d0cd2bb84ea86917317c59e1b) Importer(815301076,1909f56bfc062723c751e8b465ee728b)  -> (artifact id: 'a905a747870b657731b602ad6c574b9b') in 0.036178 seconds
  Import took 0.050314 seconds .

========================================================================
Received Prepare
Registering precompiled user dll's ...
Registered in 0.001984 seconds.
Begin MonoManager ReloadAssembly
Native extension for WindowsStandalone target not found
Refreshing native plugins compatible for Editor in 1.39 ms, found 0 plugins.
Preloading 0 native plugins for Editor in 0.00 ms.
Warning: Annotation not found!
UnityEngine.StackTraceUtility:ExtractStackTrace ()
UnityEditor.ProBuilder.EditorUtility:SetGizmoIconEnabled (System.Type,bool) (at Library/PackageCache/com.unity.probuilder@4.5.0/Editor/EditorCore/EditorUtility.cs:593)
UnityEditor.ProBuilder.HierarchyListener:.cctor () (at Library/PackageCache/com.unity.probuilder@4.5.0/Editor/EditorCore/HierarchyListener.cs:21)
System.Runtime.CompilerServices.RuntimeHelpers:RunClassConstructor (System.RuntimeTypeHandle)
UnityEditor.EditorAssemblies:ProcessInitializeOnLoadAttributes (System.Type[])

[Library/PackageCache/com.unity.probuilder@4.5.0/Editor/EditorCore/EditorUtility.cs line 593]

Mono: successfully reloaded assembly
- Completed reload, in  4.926 seconds
Platform modules already initialized, skipping
Switching build target platform(19) subTarget(0) extendedPlatform(0) -> platform(13) subTarget(537395200) extendedPlatform(0)
Shader 'Universal Render Pipeline/Particles/Lit': fallback shader 'Universal Render Pipeline/Particles/SimpleLit' not found
Shader 'Universal Render Pipeline/Particles/Lit': fallback shader 'Universal Render Pipeline/Particles/SimpleLit' not found
Refreshing native plugins compatible for Editor in 1.09 ms, found 0 plugins.
Preloading 0 native plugins for Editor in 0.00 ms.
Unloading 2996 Unused Serialized files (Serialized files now loaded: 0)
System memory in use before: 154.1 MB.
System memory in use after: 151.5 MB.

Unloading 39 unused Assets to reduce memory usage. Loaded Objects now: 3619.
Total: 18.280100 ms (FindLiveObjects: 0.688800 ms CreateObjectMapping: 0.469700 ms MarkObjects: 13.005100 ms  DeleteObjects: 4.113300 ms)

AssetImportParameters requested are different than current active one (requested -> active):
  custom:graphics/normal-map-encoding: 01000000000000000000000000000000 -> 02000000000000000000000000000000
AssetImportWorkerClient::OnTransportError - code=2 error=End of file
