Using pre-set license
Built from '2020.3/staging' branch; Version is '2020.3.9f1 (108be757e447) revision 1084391'; Using compiler version '192528614'; Build Type 'Release'
OS: 'Windows 10 Home Single Language; OS build 19043.985; Version 2009; 64bit' Language: 'en' Physical Memory: 8078 MB
BatchMode: 1, IsHumanControllingUs: 0, StartBugReporterOnCrash: 0, Is64bit: 1, IsPro: 0

 COMMAND LINE ARGUMENTS:
C:\Program Files\Unity\Hub\Editor\2020.3.9f1\Editor\Unity.exe
-adb2
-batchMode
-noUpm
-name
AssetImportWorker8
-projectPath
F:/Git Repositorys/Turn-Based-Strategy-Game/Turn Based Strat
-logFile
Logs/AssetImportWorker8.log
-srvPort
64371
Successfully changed project path to: F:/Git Repositorys/Turn-Based-Strategy-Game/Turn Based Strat
F:/Git Repositorys/Turn-Based-Strategy-Game/Turn Based Strat
Using Asset Import Pipeline V2.
Refreshing native plugins compatible for Editor in 137.86 ms, found 0 plugins.
Preloading 0 native plugins for Editor in 0.00 ms.
Initialize engine version: 2020.3.9f1 (108be757e447)
[Subsystems] Discovering subsystems at path C:/Program Files/Unity/Hub/Editor/2020.3.9f1/Editor/Data/Resources/UnitySubsystems
[Subsystems] Discovering subsystems at path F:/Git Repositorys/Turn-Based-Strategy-Game/Turn Based Strat/Assets
GfxDevice: creating device client; threaded=0
Direct3D:
    Version:  Direct3D 11.0 [level 11.1]
    Renderer: Intel(R) UHD Graphics 620 (ID=0x3ea0)
    Vendor:   
    VRAM:     4039 MB
    Driver:   27.20.100.9466
Initialize mono
Mono path[0] = 'C:/Program Files/Unity/Hub/Editor/2020.3.9f1/Editor/Data/Managed'
Mono path[1] = 'C:/Program Files/Unity/Hub/Editor/2020.3.9f1/Editor/Data/MonoBleedingEdge/lib/mono/unityjit'
Mono config path = 'C:/Program Files/Unity/Hub/Editor/2020.3.9f1/Editor/Data/MonoBleedingEdge/etc'
Using monoOptions --debugger-agent=transport=dt_socket,embedding=1,server=y,suspend=n,address=127.0.0.1:56156
Begin MonoManager ReloadAssembly
Registering precompiled unity dll's ...
Register platform support module: C:/Program Files/Unity/Hub/Editor/2020.3.9f1/Editor/Data/PlaybackEngines/WindowsStandaloneSupport/UnityEditor.WindowsStandalone.Extensions.dll
Registered in 0.005290 seconds.
Native extension for WindowsStandalone target not found
Refreshing native plugins compatible for Editor in 139.25 ms, found 0 plugins.
Preloading 0 native plugins for Editor in 0.00 ms.
Mono: successfully reloaded assembly
- Completed reload, in  5.937 seconds
Platform modules already initialized, skipping
Registering precompiled user dll's ...
Registered in 0.002814 seconds.
Begin MonoManager ReloadAssembly
Native extension for WindowsStandalone target not found
Refreshing native plugins compatible for Editor in 58.55 ms, found 0 plugins.
Preloading 0 native plugins for Editor in 0.00 ms.
Mono: successfully reloaded assembly
- Completed reload, in  2.614 seconds
Platform modules already initialized, skipping
========================================================================
Worker process is ready to serve import requests
Shader 'Universal Render Pipeline/Particles/Lit': fallback shader 'Universal Render Pipeline/Particles/SimpleLit' not found
Shader 'Universal Render Pipeline/Particles/Lit': fallback shader 'Universal Render Pipeline/Particles/SimpleLit' not found
Launched and connected shader compiler UnityShaderCompiler.exe after 0.36 seconds
Refreshing native plugins compatible for Editor in 2.11 ms, found 0 plugins.
Preloading 0 native plugins for Editor in 0.00 ms.
Unloading 3116 Unused Serialized files (Serialized files now loaded: 0)
System memory in use before: 142.9 MB.
System memory in use after: 140.1 MB.

Unloading 160 unused Assets to reduce memory usage. Loaded Objects now: 3519.
Total: 9.012100 ms (FindLiveObjects: 0.561800 ms CreateObjectMapping: 0.369100 ms MarkObjects: 4.594000 ms  DeleteObjects: 3.484600 ms)

========================================================================
Received Import Request.
  path: Assets/_Gamer Wolf Project File/Models/New Tiles.fbx
  artifactKey: Guid(0826a36001e4b4943b5b6702bedd2466) Importer(815301076,1909f56bfc062723c751e8b465ee728b)
Start importing Assets/_Gamer Wolf Project File/Models/New Tiles.fbx using Guid(0826a36001e4b4943b5b6702bedd2466) Importer(815301076,1909f56bfc062723c751e8b465ee728b)  -> (artifact id: 'e635edf65cb7b175f23e3fc586a97051') in 1.935024 seconds
  Import took 2.020027 seconds .

========================================================================
Received Import Request.
  Time since last request: 0.001744 seconds.
  path: Assets/Scenes/Level 3.unity
  artifactKey: Guid(ecd1ea44e7b0d5945be6e2db61373e09) Importer(815301076,1909f56bfc062723c751e8b465ee728b)
Start importing Assets/Scenes/Level 3.unity using Guid(ecd1ea44e7b0d5945be6e2db61373e09) Importer(815301076,1909f56bfc062723c751e8b465ee728b)  -> (artifact id: '66832220a4cb51c4945d602b44a1d1a8') in 0.108593 seconds
  Import took 0.427036 seconds .

========================================================================
Received Import Request.
  Time since last request: 517.285538 seconds.
  path: Assets/_Gamer Wolf Project File/Models/Level 3.fbx
  artifactKey: Guid(b68d760c0f809eb4ca83bdfc543d7ab4) Importer(815301076,1909f56bfc062723c751e8b465ee728b)
Start importing Assets/_Gamer Wolf Project File/Models/Level 3.fbx using Guid(b68d760c0f809eb4ca83bdfc543d7ab4) Importer(815301076,1909f56bfc062723c751e8b465ee728b)  -> (artifact id: '7c3e6180160ac88e968676882387fe31') in 0.114685 seconds
  Import took 0.174606 seconds .

========================================================================
Received Import Request.
  Time since last request: 10.939468 seconds.
  path: Assets/_Gamer Wolf Project File/Models/Level 3.fbx
  artifactKey: Guid(b68d760c0f809eb4ca83bdfc543d7ab4) Importer(815301076,1909f56bfc062723c751e8b465ee728b)
Start importing Assets/_Gamer Wolf Project File/Models/Level 3.fbx using Guid(b68d760c0f809eb4ca83bdfc543d7ab4) Importer(815301076,1909f56bfc062723c751e8b465ee728b)  -> (artifact id: '8924af71ba59a2703a3d5ee154a1b7b0') in 0.112307 seconds
  Import took 0.153378 seconds .

========================================================================
Received Import Request.
  Time since last request: 627.274477 seconds.
  path: Assets/_Gamer Wolf Project File/Models/Level Models
  artifactKey: Guid(e1467ef97ef6c68498e973bd4fcc4a12) Importer(815301076,1909f56bfc062723c751e8b465ee728b)
Start importing Assets/_Gamer Wolf Project File/Models/Level Models using Guid(e1467ef97ef6c68498e973bd4fcc4a12) Importer(815301076,1909f56bfc062723c751e8b465ee728b)  -> (artifact id: '0ed95950106ec3a5e0df4a7373260e1b') in 0.005267 seconds
  Import took 0.070150 seconds .

========================================================================
Received Import Request.
  Time since last request: 35.159044 seconds.
  path: Assets/_Gamer Wolf Project File/Models/Level Models/Level 3
  artifactKey: Guid(b859914a190b7254f9ff74b5f80ecec3) Importer(815301076,1909f56bfc062723c751e8b465ee728b)
Start importing Assets/_Gamer Wolf Project File/Models/Level Models/Level 3 using Guid(b859914a190b7254f9ff74b5f80ecec3) Importer(815301076,1909f56bfc062723c751e8b465ee728b)  -> (artifact id: 'c96f8c098dcbed8636173cd25ae9d540') in 0.004480 seconds
  Import took 0.050954 seconds .

========================================================================
Received Import Request.
  Time since last request: 0.001815 seconds.
  path: Assets/_Gamer Wolf Project File/Models/Level Models/Level 3
  artifactKey: Guid(b859914a190b7254f9ff74b5f80ecec3) Importer(815301076,1909f56bfc062723c751e8b465ee728b)
Start importing Assets/_Gamer Wolf Project File/Models/Level Models/Level 3 using Guid(b859914a190b7254f9ff74b5f80ecec3) Importer(815301076,1909f56bfc062723c751e8b465ee728b)  -> (artifact id: 'c96f8c098dcbed8636173cd25ae9d540') in 0.002711 seconds
  Import took 0.032543 seconds .

========================================================================
Received Import Request.
  Time since last request: 38.257325 seconds.
  path: Assets/_Gamer Wolf Project File/Models/Level Models/Level 3/Level 3.fbx
  artifactKey: Guid(b68d760c0f809eb4ca83bdfc543d7ab4) Importer(815301076,1909f56bfc062723c751e8b465ee728b)
Start importing Assets/_Gamer Wolf Project File/Models/Level Models/Level 3/Level 3.fbx using Guid(b68d760c0f809eb4ca83bdfc543d7ab4) Importer(815301076,1909f56bfc062723c751e8b465ee728b)  -> (artifact id: '7df5426847f2d27aadaa92b128ba638d') in 0.048855 seconds
  Import took 0.105616 seconds .

========================================================================
Received Import Request.
  Time since last request: 678.751380 seconds.
  path: Assets/_Gamer Wolf Project File/Models/Player/Turn Based Combat Game Project Ninja Rigged.fbx
  artifactKey: Guid(155de74d53655c444b92c02866a40428) Importer(815301076,1909f56bfc062723c751e8b465ee728b)
Start importing Assets/_Gamer Wolf Project File/Models/Player/Turn Based Combat Game Project Ninja Rigged.fbx using Guid(155de74d53655c444b92c02866a40428) Importer(815301076,1909f56bfc062723c751e8b465ee728b)  -> (artifact id: '9cb1aad382bc3f07506a4c034958ae3e') in 0.056598 seconds
  Import took 0.079859 seconds .

========================================================================
Received Import Request.
  Time since last request: 19.302718 seconds.
  path: Assets/_Gamer Wolf Project File/Models/Player/Turn Based Combat Game Project Ninja Rigged.fbx
  artifactKey: Guid(155de74d53655c444b92c02866a40428) Importer(815301076,1909f56bfc062723c751e8b465ee728b)
Start importing Assets/_Gamer Wolf Project File/Models/Player/Turn Based Combat Game Project Ninja Rigged.fbx using Guid(155de74d53655c444b92c02866a40428) Importer(815301076,1909f56bfc062723c751e8b465ee728b)  -> (artifact id: 'e18da591129566207c13a7e8f2e39bed') in 0.030423 seconds
  Import took 0.051140 seconds .

========================================================================
Received Import Request.
  Time since last request: 1646.621269 seconds.
  path: Assets/My Post Processing Volume/Level 3 Volume.asset
  artifactKey: Guid(1123d36cd282b1d4d9cb65f559e2c88b) Importer(815301076,1909f56bfc062723c751e8b465ee728b)
Start importing Assets/My Post Processing Volume/Level 3 Volume.asset using Guid(1123d36cd282b1d4d9cb65f559e2c88b) Importer(815301076,1909f56bfc062723c751e8b465ee728b)  -> (artifact id: '9bb86f63bf8b82dc2c3432ce90bcf603') in 0.040731 seconds
  Import took 0.081814 seconds .

========================================================================
Received Import Request.
  Time since last request: 253.660672 seconds.
  path: Assets/Settings/SampleSceneProfile.asset
  artifactKey: Guid(10fc4df2da32a41aaa32d77bc913491c) Importer(815301076,1909f56bfc062723c751e8b465ee728b)
Start importing Assets/Settings/SampleSceneProfile.asset using Guid(10fc4df2da32a41aaa32d77bc913491c) Importer(815301076,1909f56bfc062723c751e8b465ee728b)  -> (artifact id: '9b4e64fc2d51075646819868b844668a') in 0.011268 seconds
  Import took 0.021914 seconds .

========================================================================
Received Import Request.
  Time since last request: 0.011163 seconds.
  path: Assets/Settings/SampleSceneProfile.asset
  artifactKey: Guid(10fc4df2da32a41aaa32d77bc913491c) Importer(815301076,1909f56bfc062723c751e8b465ee728b)
Start importing Assets/Settings/SampleSceneProfile.asset using Guid(10fc4df2da32a41aaa32d77bc913491c) Importer(815301076,1909f56bfc062723c751e8b465ee728b)  -> (artifact id: '9b4e64fc2d51075646819868b844668a') in 0.015439 seconds
  Import took 0.032419 seconds .

========================================================================
Received Import Request.
  Time since last request: 346.821683 seconds.
  path: Assets/_Gamer Wolf Project File/Models/Level Models/Level 3/Materials/Light Green.mat
  artifactKey: Guid(a55568a66d4a4634c9211ea6e3f4a07a) Importer(815301076,1909f56bfc062723c751e8b465ee728b)
Start importing Assets/_Gamer Wolf Project File/Models/Level Models/Level 3/Materials/Light Green.mat using Guid(a55568a66d4a4634c9211ea6e3f4a07a) Importer(815301076,1909f56bfc062723c751e8b465ee728b)  -> (artifact id: 'c6f715e7b8f91171061994bcf7cf2b19') in 0.557481 seconds
  Import took 0.615405 seconds .

========================================================================
Received Import Request.
  Time since last request: 0.000926 seconds.
  path: Assets/_Gamer Wolf Project File/Models/Player/Player.mat
  artifactKey: Guid(521aaa491d95edb419efcc87aedb42bd) Importer(815301076,1909f56bfc062723c751e8b465ee728b)
Start importing Assets/_Gamer Wolf Project File/Models/Player/Player.mat using Guid(521aaa491d95edb419efcc87aedb42bd) Importer(815301076,1909f56bfc062723c751e8b465ee728b)  -> (artifact id: 'd94c0071e1ed74d07416a1d85dbc2c55') in 0.070849 seconds
  Import took 0.082456 seconds .

========================================================================
Received Import Request.
  Time since last request: 0.000373 seconds.
  path: Assets/_Gamer Wolf Project File/Models/Level Models/Level 3/Materials/Light Grey.mat
  artifactKey: Guid(287534e73f978a841a12e7d65ac7b4a2) Importer(815301076,1909f56bfc062723c751e8b465ee728b)
Start importing Assets/_Gamer Wolf Project File/Models/Level Models/Level 3/Materials/Light Grey.mat using Guid(287534e73f978a841a12e7d65ac7b4a2) Importer(815301076,1909f56bfc062723c751e8b465ee728b)  -> (artifact id: '43efac8412e236005a82082ec13e6cc9') in 0.018108 seconds
  Import took 0.156349 seconds .

========================================================================
Received Import Request.
  Time since last request: 277.397399 seconds.
  path: Assets/Scenes/Main Scene.unity
  artifactKey: Guid(d1c3109bdb54ad54c8a2b2838528e640) Importer(815301076,1909f56bfc062723c751e8b465ee728b)
Start importing Assets/Scenes/Main Scene.unity using Guid(d1c3109bdb54ad54c8a2b2838528e640) Importer(815301076,1909f56bfc062723c751e8b465ee728b)  -> (artifact id: 'dd9ece65aca59185811e6defad31d94d') in 0.004593 seconds
  Import took 0.118374 seconds .

========================================================================
Received Import Request.
  Time since last request: 21.028229 seconds.
  path: Assets/Scenes/Level 3.unity
  artifactKey: Guid(ecd1ea44e7b0d5945be6e2db61373e09) Importer(815301076,1909f56bfc062723c751e8b465ee728b)
Start importing Assets/Scenes/Level 3.unity using Guid(ecd1ea44e7b0d5945be6e2db61373e09) Importer(815301076,1909f56bfc062723c751e8b465ee728b)  -> (artifact id: '16ddcc86ad8d1dc24310fd9dfe3057ef') in 0.003734 seconds
  Import took 0.116244 seconds .

========================================================================
Received Import Request.
  Time since last request: 601.117069 seconds.
  path: Assets/_Gamer Wolf Project File/My Prefabs/Object Prefabs/Board Object Prefabs/pf_Item Node.prefab
  artifactKey: Guid(2c3cee03816ba1846a799211d61a40ab) Importer(815301076,1909f56bfc062723c751e8b465ee728b)
Start importing Assets/_Gamer Wolf Project File/My Prefabs/Object Prefabs/Board Object Prefabs/pf_Item Node.prefab using Guid(2c3cee03816ba1846a799211d61a40ab) Importer(815301076,1909f56bfc062723c751e8b465ee728b)  -> (artifact id: '2fc2b7927f459447ab10f458b0e4e378') in 0.132942 seconds
  Import took 0.152054 seconds .

========================================================================
Received Import Request.
  Time since last request: 191.540460 seconds.
  path: Assets/Scenes/Level 3.unity
  artifactKey: Guid(ecd1ea44e7b0d5945be6e2db61373e09) Importer(815301076,1909f56bfc062723c751e8b465ee728b)
Start importing Assets/Scenes/Level 3.unity using Guid(ecd1ea44e7b0d5945be6e2db61373e09) Importer(815301076,1909f56bfc062723c751e8b465ee728b)  -> (artifact id: '1b26882a52b2ffe8f33ff8db092dce34') in 0.004662 seconds
  Import took 0.121727 seconds .

========================================================================
Received Import Request.
  Time since last request: 20.530440 seconds.
  path: Assets/_Gamer Wolf Project File/My Prefabs/Player.prefab
  artifactKey: Guid(3bf42290e506025429832d83ef4c5bf1) Importer(815301076,1909f56bfc062723c751e8b465ee728b)
Start importing Assets/_Gamer Wolf Project File/My Prefabs/Player.prefab using Guid(3bf42290e506025429832d83ef4c5bf1) Importer(815301076,1909f56bfc062723c751e8b465ee728b)  -> (artifact id: '5c464fb366b3a5208b6fb7123cc6fa35') in 0.225974 seconds
  Import took 0.260983 seconds .

========================================================================
Received Import Request.
  Time since last request: 9.323765 seconds.
  path: Assets/_Gamer Wolf Project File/My Prefabs/Player Prefabs
  artifactKey: Guid(047a8377d76daad4eaeae08d10f08690) Importer(815301076,1909f56bfc062723c751e8b465ee728b)
Start importing Assets/_Gamer Wolf Project File/My Prefabs/Player Prefabs using Guid(047a8377d76daad4eaeae08d10f08690) Importer(815301076,1909f56bfc062723c751e8b465ee728b)  -> (artifact id: '0391153f042a813e7f86aa4f5cfc63f6') in 0.009006 seconds
  Import took 0.019952 seconds .

========================================================================
Received Import Request.
  Time since last request: 152.364848 seconds.
  path: Assets/_Gamer Wolf Project File/My Scripts/Player Scripts/KeyHolder.cs
  artifactKey: Guid(2d0d08150edf2aa4fb47bd4664728bfd) Importer(815301076,1909f56bfc062723c751e8b465ee728b)
Start importing Assets/_Gamer Wolf Project File/My Scripts/Player Scripts/KeyHolder.cs using Guid(2d0d08150edf2aa4fb47bd4664728bfd) Importer(815301076,1909f56bfc062723c751e8b465ee728b)  -> (artifact id: 'a7d1acdcca69e042325263fb9bc5b495') in 0.008286 seconds
  Import took 0.039951 seconds .

========================================================================
Received Import Request.
  Time since last request: 3.052065 seconds.
  path: Assets/_Gamer Wolf Project File/My Scripts/Player Scripts/PlayerBrain.cs
  artifactKey: Guid(6a9b8961a894aba4383743b451b72a79) Importer(815301076,1909f56bfc062723c751e8b465ee728b)
Start importing Assets/_Gamer Wolf Project File/My Scripts/Player Scripts/PlayerBrain.cs using Guid(6a9b8961a894aba4383743b451b72a79) Importer(815301076,1909f56bfc062723c751e8b465ee728b)  -> (artifact id: 'f8673137a27028e73725e6641e28bcb9') in 0.003625 seconds
  Import took 0.015457 seconds .

========================================================================
Received Import Request.
  Time since last request: 0.012786 seconds.
  path: Assets/_Gamer Wolf Project File/My Scripts/Player Scripts/PlayerBrain.cs
  artifactKey: Guid(6a9b8961a894aba4383743b451b72a79) Importer(815301076,1909f56bfc062723c751e8b465ee728b)
Start importing Assets/_Gamer Wolf Project File/My Scripts/Player Scripts/PlayerBrain.cs using Guid(6a9b8961a894aba4383743b451b72a79) Importer(815301076,1909f56bfc062723c751e8b465ee728b)  -> (artifact id: 'f8673137a27028e73725e6641e28bcb9') in 0.004417 seconds
  Import took 0.017674 seconds .

========================================================================
Received Prepare
Registering precompiled user dll's ...
Registered in 0.004327 seconds.
Begin MonoManager ReloadAssembly
Native extension for WindowsStandalone target not found
Refreshing native plugins compatible for Editor in 1.44 ms, found 0 plugins.
Preloading 0 native plugins for Editor in 0.00 ms.
Warning: Annotation not found!
UnityEngine.StackTraceUtility:ExtractStackTrace ()
UnityEditor.ProBuilder.EditorUtility:SetGizmoIconEnabled (System.Type,bool) (at Library/PackageCache/com.unity.probuilder@4.5.0/Editor/EditorCore/EditorUtility.cs:593)
UnityEditor.ProBuilder.HierarchyListener:.cctor () (at Library/PackageCache/com.unity.probuilder@4.5.0/Editor/EditorCore/HierarchyListener.cs:21)
System.Runtime.CompilerServices.RuntimeHelpers:RunClassConstructor (System.RuntimeTypeHandle)
UnityEditor.EditorAssemblies:ProcessInitializeOnLoadAttributes (System.Type[])

[Library/PackageCache/com.unity.probuilder@4.5.0/Editor/EditorCore/EditorUtility.cs line 593]

Mono: successfully reloaded assembly
- Completed reload, in  8.749 seconds
Platform modules already initialized, skipping
Switching build target platform(19) subTarget(0) extendedPlatform(0) -> platform(13) subTarget(537395200) extendedPlatform(0)
Shader 'Universal Render Pipeline/Particles/Lit': fallback shader 'Universal Render Pipeline/Particles/SimpleLit' not found
Shader 'Universal Render Pipeline/Particles/Lit': fallback shader 'Universal Render Pipeline/Particles/SimpleLit' not found
Refreshing native plugins compatible for Editor in 1.12 ms, found 0 plugins.
Preloading 0 native plugins for Editor in 0.00 ms.
Unloading 2998 Unused Serialized files (Serialized files now loaded: 0)
System memory in use before: 152.6 MB.
System memory in use after: 149.9 MB.

Unloading 44 unused Assets to reduce memory usage. Loaded Objects now: 3606.
Total: 9.049200 ms (FindLiveObjects: 0.508400 ms CreateObjectMapping: 0.281100 ms MarkObjects: 4.404300 ms  DeleteObjects: 3.850700 ms)

AssetImportParameters requested are different than current active one (requested -> active):
  custom:graphics/normal-map-encoding: 01000000000000000000000000000000 -> 02000000000000000000000000000000
========================================================================
Received Import Request.
  Time since last request: 317.413912 seconds.
  path: Assets/_Gamer Wolf Project File/Scriptable Objects/Level One/Level Data/Level 2 Data 1.asset
  artifactKey: Guid(850d2bee10d33da408773145af96b608) Importer(815301076,1909f56bfc062723c751e8b465ee728b)
Start importing Assets/_Gamer Wolf Project File/Scriptable Objects/Level One/Level Data/Level 2 Data 1.asset using Guid(850d2bee10d33da408773145af96b608) Importer(815301076,1909f56bfc062723c751e8b465ee728b)  -> (artifact id: '390a14fee8595965454a361524217c66') in 0.029201 seconds
  Import took 0.049851 seconds .

========================================================================
Received Import Request.
  Time since last request: 3.922377 seconds.
  path: Assets/_Gamer Wolf Project File/Scriptable Objects/Level One/Level Data/Level 3 Data.asset
  artifactKey: Guid(850d2bee10d33da408773145af96b608) Importer(815301076,1909f56bfc062723c751e8b465ee728b)
Start importing Assets/_Gamer Wolf Project File/Scriptable Objects/Level One/Level Data/Level 3 Data.asset using Guid(850d2bee10d33da408773145af96b608) Importer(815301076,1909f56bfc062723c751e8b465ee728b)  -> (artifact id: '367fbbc1a37c8a3325e56d30a492852e') in 0.005869 seconds
  Import took 0.014476 seconds .

========================================================================
Received Import Request.
  Time since last request: 9.244041 seconds.
  path: Assets/_Gamer Wolf Project File/Scriptable Objects/Level One/Tasks/Task 3.asset
  artifactKey: Guid(62a3f408b07c32b46a9abb35abe8ec36) Importer(815301076,1909f56bfc062723c751e8b465ee728b)
Start importing Assets/_Gamer Wolf Project File/Scriptable Objects/Level One/Tasks/Task 3.asset using Guid(62a3f408b07c32b46a9abb35abe8ec36) Importer(815301076,1909f56bfc062723c751e8b465ee728b)  -> (artifact id: '32e6572f5147cb674d7be9d1445a39e3') in 0.005242 seconds
  Import took 0.064876 seconds .

========================================================================
Received Prepare
Registering precompiled user dll's ...
Registered in 0.004222 seconds.
Begin MonoManager ReloadAssembly
Native extension for WindowsStandalone target not found
Refreshing native plugins compatible for Editor in 0.93 ms, found 0 plugins.
Preloading 0 native plugins for Editor in 0.00 ms.
Warning: Annotation not found!
UnityEngine.StackTraceUtility:ExtractStackTrace ()
UnityEditor.ProBuilder.EditorUtility:SetGizmoIconEnabled (System.Type,bool) (at Library/PackageCache/com.unity.probuilder@4.5.0/Editor/EditorCore/EditorUtility.cs:593)
UnityEditor.ProBuilder.HierarchyListener:.cctor () (at Library/PackageCache/com.unity.probuilder@4.5.0/Editor/EditorCore/HierarchyListener.cs:21)
System.Runtime.CompilerServices.RuntimeHelpers:RunClassConstructor (System.RuntimeTypeHandle)
UnityEditor.EditorAssemblies:ProcessInitializeOnLoadAttributes (System.Type[])

[Library/PackageCache/com.unity.probuilder@4.5.0/Editor/EditorCore/EditorUtility.cs line 593]

Mono: successfully reloaded assembly
- Completed reload, in  3.609 seconds
Platform modules already initialized, skipping
Switching build target platform(19) subTarget(0) extendedPlatform(0) -> platform(13) subTarget(537395200) extendedPlatform(0)
Shader 'Universal Render Pipeline/Particles/Lit': fallback shader 'Universal Render Pipeline/Particles/SimpleLit' not found
Shader 'Universal Render Pipeline/Particles/Lit': fallback shader 'Universal Render Pipeline/Particles/SimpleLit' not found
Refreshing native plugins compatible for Editor in 1.77 ms, found 0 plugins.
Preloading 0 native plugins for Editor in 0.00 ms.
Unloading 2998 Unused Serialized files (Serialized files now loaded: 0)
System memory in use before: 152.7 MB.
System memory in use after: 149.9 MB.

Unloading 44 unused Assets to reduce memory usage. Loaded Objects now: 3609.
Total: 17.191600 ms (FindLiveObjects: 1.001200 ms CreateObjectMapping: 1.321600 ms MarkObjects: 9.758300 ms  DeleteObjects: 5.107300 ms)

AssetImportParameters requested are different than current active one (requested -> active):
  custom:graphics/normal-map-encoding: 01000000000000000000000000000000 -> 02000000000000000000000000000000
========================================================================
Received Prepare
Registering precompiled user dll's ...
Registered in 0.001406 seconds.
Begin MonoManager ReloadAssembly
Native extension for WindowsStandalone target not found
Refreshing native plugins compatible for Editor in 0.75 ms, found 0 plugins.
Preloading 0 native plugins for Editor in 0.00 ms.
Warning: Annotation not found!
UnityEngine.StackTraceUtility:ExtractStackTrace ()
UnityEditor.ProBuilder.EditorUtility:SetGizmoIconEnabled (System.Type,bool) (at Library/PackageCache/com.unity.probuilder@4.5.0/Editor/EditorCore/EditorUtility.cs:593)
UnityEditor.ProBuilder.HierarchyListener:.cctor () (at Library/PackageCache/com.unity.probuilder@4.5.0/Editor/EditorCore/HierarchyListener.cs:21)
System.Runtime.CompilerServices.RuntimeHelpers:RunClassConstructor (System.RuntimeTypeHandle)
UnityEditor.EditorAssemblies:ProcessInitializeOnLoadAttributes (System.Type[])

[Library/PackageCache/com.unity.probuilder@4.5.0/Editor/EditorCore/EditorUtility.cs line 593]

Mono: successfully reloaded assembly
- Completed reload, in  2.710 seconds
Platform modules already initialized, skipping
Switching build target platform(19) subTarget(0) extendedPlatform(0) -> platform(13) subTarget(537395200) extendedPlatform(0)
Shader 'Universal Render Pipeline/Particles/Lit': fallback shader 'Universal Render Pipeline/Particles/SimpleLit' not found
Shader 'Universal Render Pipeline/Particles/Lit': fallback shader 'Universal Render Pipeline/Particles/SimpleLit' not found
Refreshing native plugins compatible for Editor in 1.08 ms, found 0 plugins.
Preloading 0 native plugins for Editor in 0.00 ms.
Unloading 2998 Unused Serialized files (Serialized files now loaded: 0)
System memory in use before: 152.7 MB.
System memory in use after: 150.0 MB.

Unloading 44 unused Assets to reduce memory usage. Loaded Objects now: 3612.
Total: 8.982300 ms (FindLiveObjects: 0.563200 ms CreateObjectMapping: 0.334000 ms MarkObjects: 4.946700 ms  DeleteObjects: 3.135200 ms)

AssetImportParameters requested are different than current active one (requested -> active):
  custom:graphics/normal-map-encoding: 01000000000000000000000000000000 -> 02000000000000000000000000000000
AssetImportWorkerClient::OnTransportError - code=2 error=End of file
